<?xml version="1.0" encoding="UTF-8"?>
<testsuite name="com.example.SpringBootAppApplicationTests" tests="1" skipped="0" failures="0" errors="0" timestamp="2025-08-02T10:59:55" hostname="DESKTOP-PKERJMM" time="3.774">
  <properties/>
  <testcase name="contextLoads()" classname="com.example.SpringBootAppApplicationTests" time="3.774"/>
  <system-out><![CDATA[16:29:45.892 [Test worker] INFO org.springframework.test.context.support.AnnotationConfigContextLoaderUtils -- Could not detect default configuration classes for test class [com.example.SpringBootAppApplicationTests]: SpringBootAppApplicationTests does not declare any static, non-private, non-final, nested classes annotated with @Configuration.
16:29:46.742 [Test worker] INFO org.springframework.boot.test.context.SpringBootTestContextBootstrapper -- Found @SpringBootConfiguration com.example.SpringBootAppApplication for test class com.example.SpringBootAppApplicationTests

  .   ____          _            __ _ _
 /\\ / ___'_ __ _ _(_)_ __  __ _ \ \ \ \
( ( )\___ | '_ | '_| | '_ \/ _` | \ \ \ \
 \\/  ___)| |_)| | | | | || (_| |  ) ) ) )
  '  |____| .__|_| |_|_| |_\__, | / / / /
 =========|_|==============|___/=/_/_/_/
 :: Spring Boot ::                (v3.2.6)

2025-08-02T16:29:48.702+05:30  INFO 7572 --- [SpringBootApp] [    Test worker] c.example.SpringBootAppApplicationTests  : Starting SpringBootAppApplicationTests using Java 21.0.8 with PID 7572 (started by mvign in D:\VS code\MY-PROJECTS\.vscode\spring-boot-app)
2025-08-02T16:29:48.706+05:30  INFO 7572 --- [SpringBootApp] [    Test worker] c.example.SpringBootAppApplicationTests  : No active profile set, falling back to 1 default profile: "default"
2025-08-02T16:29:55.197+05:30  INFO 7572 --- [SpringBootApp] [    Test worker] c.example.SpringBootAppApplicationTests  : Started SpringBootAppApplicationTests in 7.657 seconds (process running for 13.575)
]]></system-out>
  <system-err><![CDATA[WARNING: A Java agent has been loaded dynamically (C:\Users\mvign\.gradle\caches\modules-2\files-2.1\net.bytebuddy\byte-buddy-agent\1.14.16\4a451ee6484abac3a498df0f3b33ed00a6fced4d\byte-buddy-agent-1.14.16.jar)
WARNING: If a serviceability tool is in use, please run with -XX:+EnableDynamicAgentLoading to hide this warning
WARNING: If a serviceability tool is not in use, please run with -Djdk.instrument.traceUsage for more information
WARNING: Dynamic loading of agents will be disallowed by default in a future release
]]></system-err>
</testsuite>
